0 1.0372975120210164 -145.61458026851997
1 6.019017173682303 -137.8037616931497
2 10.301419594466779 -135.28941804852494
3 13.04503886664592 -139.11885165297977
4 16.242651896282702 -137.72832531892678
5 18.821139807395994 -137.84659097078523
6 21.822412722668822 -133.38864950090124
7 23.831403846161308 -133.8377463472333
8 25.469907870459917 -132.1770437023811
9 26.798361717842234 -133.43660420821885
10 28.372674852094697 -129.22319676422643
11 29.82279103152023 -133.82677870703586
12 31.925037296294725 -131.9889278949492
13 30.911420590497755 -129.7831920478803
14 33.049585954277674 -128.14888944739693
15 34.11569107695585 -126.98943576765866
16 33.494088022799986 -131.1283145655105
17 33.39402842747238 -128.68911588587315
18 33.025343650209656 -130.98568864002792
19 31.81328438840564 -130.34249152850452
20 32.545127503303874 -128.52741850032112
