0 1.040510955683974 -142.40964309226626
1 2.189412188821193 -141.9265898175869
2 3.2468692933348287 -139.8208818356363
3 4.408739240889453 -142.42574604534178
4 5.2139252662908495 -140.1232358615055
5 6.657196978369879 -139.105863131582
6 7.723191899225723 -137.96119067776422
7 9.19168425654382 -140.66364507279417
8 10.8808855998383 -135.5952536981101
9 11.996074974409412 -139.73675165072672
10 13.42040692385205 -137.47845496365466
11 14.425374698858587 -135.05038463912064
12 16.63680920473201 -135.41610198173265
13 18.08048629972663 -135.2898467418282
14 20.536330632545226 -135.7908846052792
15 22.58553113346102 -129.90404135447338
16 23.87649953734694 -129.92036447615033
17 26.78262676885542 -131.66126206435533
18 27.094199190055768 -129.47657491766782
19 29.93454661732779 -128.4396362273214
20 34.210643177811036 -130.7882258497871
